**********************
Windows PowerShell トランスクリプト開始
開始時刻: 20240322165217
ユーザー名: D-080222\kitamura
RunAs ユーザー: D-080222\kitamura
構成名: 
コンピューター: D-080222 (Microsoft Windows NT 10.0.22621.0)
ホスト アプリケーション: C:\windows\System32\WindowsPowerShell\v1.0\powershell.exe
プロセス ID: 15036
PSVersion: 5.1.22621.2506
PSEdition: Desktop
PSCompatibleVersions: 1.0, 2.0, 3.0, 4.0, 5.0, 5.1.22621.2506
BuildVersion: 10.0.22621.2506
CLRVersion: 4.0.30319.42000
WSManStackVersion: 3.0
PSRemotingProtocolVersion: 2.3
SerializationVersion: 1.1.0.1
**********************
トランスクリプトが開始されました。出力ファイル: .\log\2024-03-22_1652.log
|
| - - - - - - - - - - - - - -
|
 Subscription:
Azure サブスクリプション 1 (3b2af730-85f0-4344-98cb-e075b01533d5) - 4d15abd0-59be-437c-bc6a-7313c6019b56 - h21kitamura@dai3.tokyo
|
| -- ERROR --  Loading function Files failed.
**********************
Windows PowerShell トランスクリプト終了
終了時刻: 20240322165217
**********************
